Build started 15/02/2016 11:37:19.
     1>Project "c:\Users\keny\documents\visual studio 2015\Projects\RT_Assestment1\RT_Assestment1\RT_Assestment1.vcxproj" on node 2 (Build target(s)).
     1>ClCompile:
         C:\Program Files (x86)\Microsoft Visual Studio 14.0\VC\bin\CL.exe /c /ZI /nologo /W3 /WX- /sdl /Od /Oy- /D WIN32 /D _DEBUG /D _CONSOLE /D _UNICODE /D UNICODE /Gm /EHsc /RTC1 /MDd /GS /fp:precise /Zc:wchar_t /Zc:forScope /Zc:inline /Fo"Debug\\" /Fd"Debug\vc140.pdb" /Gd /TP /analyze- /errorReport:prompt Main.cpp
         Main.cpp
     1>c:\opencv3\opencv\mybuild\install\include\opencv2\opencv.hpp(46): fatal error C1083: Cannot open include file: 'opencv2/core.hpp': No such file or directory
     1>Done Building Project "c:\Users\keny\documents\visual studio 2015\Projects\RT_Assestment1\RT_Assestment1\RT_Assestment1.vcxproj" (Build target(s)) -- FAILED.

Build FAILED.

Time Elapsed 00:00:01.93
